app/build/intermediates/manifest_merge_blame_file/release/manifest-merger-blame-release-report.txt
1<?xml version="1.0" encoding="utf-8"?>
2<manifest xmlns:android="http://schemas.android.com/apk/res/android"
3    package="com.yourname.simplenotes"
4    android:versionCode="1"
5    android:versionName="1.0" >
6
7    <uses-sdk
8        android:minSdkVersion="28"
9        android:targetSdkVersion="34" />
10
11    <uses-permission android:name="android.permission.INTERNET" />
11-->src\main\AndroidManifest.xml:5:5-67
11-->src\main\AndroidManifest.xml:5:22-64
12    <uses-permission android:name="android.permission.USE_BIOMETRIC" />
12-->src\main\AndroidManifest.xml:6:5-72
12-->src\main\AndroidManifest.xml:6:22-69
13
14    <!-- suppress DeprecatedClassUsageInspection -->
15    <uses-permission android:name="android.permission.USE_FINGERPRINT" />
15-->[androidx.biometric:biometric:1.2.0-alpha05] AndroidManifest.xml:25:5-74
15-->[androidx.biometric:biometric:1.2.0-alpha05] AndroidManifest.xml:25:22-71
16    <uses-permission android:name="android.permission.WAKE_LOCK" />
16-->[androidx.work:work-runtime:2.9.0] AndroidManifest.xml:23:5-68
16-->[androidx.work:work-runtime:2.9.0] AndroidManifest.xml:23:22-65
17    <uses-permission android:name="android.permission.ACCESS_NETWORK_STATE" />
17-->[androidx.work:work-runtime:2.9.0] AndroidManifest.xml:24:5-79
17-->[androidx.work:work-runtime:2.9.0] AndroidManifest.xml:24:22-76
18    <uses-permission android:name="android.permission.RECEIVE_BOOT_COMPLETED" />
18-->[androidx.work:work-runtime:2.9.0] AndroidManifest.xml:25:5-81
18-->[androidx.work:work-runtime:2.9.0] AndroidManifest.xml:25:22-78
19    <uses-permission android:name="android.permission.FOREGROUND_SERVICE" />
19-->[androidx.work:work-runtime:2.9.0] AndroidManifest.xml:26:5-77
19-->[androidx.work:work-runtime:2.9.0] AndroidManifest.xml:26:22-74
20
21    <permission
21-->[androidx.core:core:1.12.0] AndroidManifest.xml:22:5-24:47
22        android:name="com.yourname.simplenotes.DYNAMIC_RECEIVER_NOT_EXPORTED_PERMISSION"
22-->[androidx.core:core:1.12.0] AndroidManifest.xml:23:9-81
23        android:protectionLevel="signature" />
23-->[androidx.core:core:1.12.0] AndroidManifest.xml:24:9-44
24
25    <uses-permission android:name="com.yourname.simplenotes.DYNAMIC_RECEIVER_NOT_EXPORTED_PERMISSION" />
25-->[androidx.core:core:1.12.0] AndroidManifest.xml:26:5-97
25-->[androidx.core:core:1.12.0] AndroidManifest.xml:26:22-94
26
27    <application
27-->src\main\AndroidManifest.xml:8:5-40:19
28        android:name="com.yourname.simplenotes.NotesApp"
28-->src\main\AndroidManifest.xml:9:9-33
29        android:allowBackup="true"
29-->src\main\AndroidManifest.xml:10:9-35
30        android:appComponentFactory="androidx.core.app.CoreComponentFactory"
30-->[androidx.core:core:1.12.0] AndroidManifest.xml:28:18-86
31        android:extractNativeLibs="false"
32        android:icon="@mipmap/ic_launcher"
32-->src\main\AndroidManifest.xml:11:9-43
33        android:label="@string/app_name"
33-->src\main\AndroidManifest.xml:12:9-41
34        android:roundIcon="@mipmap/ic_launcher_round"
34-->src\main\AndroidManifest.xml:13:9-54
35        android:supportsRtl="true"
35-->src\main\AndroidManifest.xml:14:9-35
36        android:theme="@style/Theme.SimpleNotes" >
36-->src\main\AndroidManifest.xml:15:9-49
37
38        <!--
39             Disable WorkManager's default initializer; we initialize manually in NotesApp
40             so our SyncWorkerFactory (which injects Koin deps) is used instead.
41        -->
42        <provider
43            android:name="androidx.startup.InitializationProvider"
43-->src\main\AndroidManifest.xml:20:13-67
44            android:authorities="com.yourname.simplenotes.androidx-startup"
44-->src\main\AndroidManifest.xml:21:13-68
45            android:exported="false" >
45-->src\main\AndroidManifest.xml:22:13-37
46            <meta-data
46-->[androidx.emoji2:emoji2:1.3.0] AndroidManifest.xml:29:13-31:52
47                android:name="androidx.emoji2.text.EmojiCompatInitializer"
47-->[androidx.emoji2:emoji2:1.3.0] AndroidManifest.xml:30:17-75
48                android:value="androidx.startup" />
48-->[androidx.emoji2:emoji2:1.3.0] AndroidManifest.xml:31:17-49
49            <meta-data
49-->[androidx.lifecycle:lifecycle-process:2.7.0] AndroidManifest.xml:29:13-31:52
50                android:name="androidx.lifecycle.ProcessLifecycleInitializer"
50-->[androidx.lifecycle:lifecycle-process:2.7.0] AndroidManifest.xml:30:17-78
51                android:value="androidx.startup" />
51-->[androidx.lifecycle:lifecycle-process:2.7.0] AndroidManifest.xml:31:17-49
52            <meta-data
52-->[androidx.profileinstaller:profileinstaller:1.3.1] AndroidManifest.xml:29:13-31:52
53                android:name="androidx.profileinstaller.ProfileInstallerInitializer"
53-->[androidx.profileinstaller:profileinstaller:1.3.1] AndroidManifest.xml:30:17-85
54                android:value="androidx.startup" />
54-->[androidx.profileinstaller:profileinstaller:1.3.1] AndroidManifest.xml:31:17-49
55        </provider>
56
57        <activity
57-->src\main\AndroidManifest.xml:30:9-38:20
58            android:name="com.yourname.simplenotes.MainActivity"
58-->src\main\AndroidManifest.xml:31:13-41
59            android:exported="true"
59-->src\main\AndroidManifest.xml:32:13-36
60            android:theme="@style/Theme.SimpleNotes" >
60-->src\main\AndroidManifest.xml:33:13-53
61            <intent-filter>
61-->src\main\AndroidManifest.xml:34:13-37:29
62                <action android:name="android.intent.action.MAIN" />
62-->src\main\AndroidManifest.xml:35:17-69
62-->src\main\AndroidManifest.xml:35:25-66
63
64                <category android:name="android.intent.category.LAUNCHER" />
64-->src\main\AndroidManifest.xml:36:17-77
64-->src\main\AndroidManifest.xml:36:27-74
65            </intent-filter>
66        </activity>
67        <activity
67-->[com.google.android.gms:play-services-auth:21.0.0] AndroidManifest.xml:23:9-27:75
68            android:name="com.google.android.gms.auth.api.signin.internal.SignInHubActivity"
68-->[com.google.android.gms:play-services-auth:21.0.0] AndroidManifest.xml:24:13-93
69            android:excludeFromRecents="true"
69-->[com.google.android.gms:play-services-auth:21.0.0] AndroidManifest.xml:25:13-46
70            android:exported="false"
70-->[com.google.android.gms:play-services-auth:21.0.0] AndroidManifest.xml:26:13-37
71            android:theme="@android:style/Theme.Translucent.NoTitleBar" />
71-->[com.google.android.gms:play-services-auth:21.0.0] AndroidManifest.xml:27:13-72
72        <!--
73            Service handling Google Sign-In user revocation. For apps that do not integrate with
74            Google Sign-In, this service will never be started.
75        -->
76        <service
76-->[com.google.android.gms:play-services-auth:21.0.0] AndroidManifest.xml:33:9-37:51
77            android:name="com.google.android.gms.auth.api.signin.RevocationBoundService"
77-->[com.google.android.gms:play-services-auth:21.0.0] AndroidManifest.xml:34:13-89
78            android:exported="true"
78-->[com.google.android.gms:play-services-auth:21.0.0] AndroidManifest.xml:35:13-36
79            android:permission="com.google.android.gms.auth.api.signin.permission.REVOCATION_NOTIFICATION"
79-->[com.google.android.gms:play-services-auth:21.0.0] AndroidManifest.xml:36:13-107
80            android:visibleToInstantApps="true" />
80-->[com.google.android.gms:play-services-auth:21.0.0] AndroidManifest.xml:37:13-48
81
82        <activity
82-->[com.google.android.gms:play-services-base:18.0.1] AndroidManifest.xml:20:9-22:45
83            android:name="com.google.android.gms.common.api.GoogleApiActivity"
83-->[com.google.android.gms:play-services-base:18.0.1] AndroidManifest.xml:20:19-85
84            android:exported="false"
84-->[com.google.android.gms:play-services-base:18.0.1] AndroidManifest.xml:22:19-43
85            android:theme="@android:style/Theme.Translucent.NoTitleBar" />
85-->[com.google.android.gms:play-services-base:18.0.1] AndroidManifest.xml:21:19-78
86
87        <meta-data
87-->[com.google.android.gms:play-services-basement:18.2.0] AndroidManifest.xml:21:9-23:69
88            android:name="com.google.android.gms.version"
88-->[com.google.android.gms:play-services-basement:18.2.0] AndroidManifest.xml:22:13-58
89            android:value="@integer/google_play_services_version" />
89-->[com.google.android.gms:play-services-basement:18.2.0] AndroidManifest.xml:23:13-66
90
91        <service
91-->[androidx.work:work-runtime:2.9.0] AndroidManifest.xml:39:9-45:35
92            android:name="androidx.work.impl.background.systemalarm.SystemAlarmService"
92-->[androidx.work:work-runtime:2.9.0] AndroidManifest.xml:40:13-88
93            android:directBootAware="false"
93-->[androidx.work:work-runtime:2.9.0] AndroidManifest.xml:41:13-44
94            android:enabled="@bool/enable_system_alarm_service_default"
94-->[androidx.work:work-runtime:2.9.0] AndroidManifest.xml:42:13-72
95            android:exported="false" />
95-->[androidx.work:work-runtime:2.9.0] AndroidManifest.xml:43:13-37
96        <service
96-->[androidx.work:work-runtime:2.9.0] AndroidManifest.xml:46:9-52:35
97            android:name="androidx.work.impl.background.systemjob.SystemJobService"
97-->[androidx.work:work-runtime:2.9.0] AndroidManifest.xml:47:13-84
98            android:directBootAware="false"
98-->[androidx.work:work-runtime:2.9.0] AndroidManifest.xml:48:13-44
99            android:enabled="@bool/enable_system_job_service_default"
99-->[androidx.work:work-runtime:2.9.0] AndroidManifest.xml:49:13-70
100            android:exported="true"
100-->[androidx.work:work-runtime:2.9.0] AndroidManifest.xml:50:13-36
101            android:permission="android.permission.BIND_JOB_SERVICE" />
101-->[androidx.work:work-runtime:2.9.0] AndroidManifest.xml:51:13-69
102        <service
102-->[androidx.work:work-runtime:2.9.0] AndroidManifest.xml:53:9-59:35
103            android:name="androidx.work.impl.foreground.SystemForegroundService"
103-->[androidx.work:work-runtime:2.9.0] AndroidManifest.xml:54:13-81
104            android:directBootAware="false"
104-->[androidx.work:work-runtime:2.9.0] AndroidManifest.xml:55:13-44
105            android:enabled="@bool/enable_system_foreground_service_default"
105-->[androidx.work:work-runtime:2.9.0] AndroidManifest.xml:56:13-77
106            android:exported="false" />
106-->[androidx.work:work-runtime:2.9.0] AndroidManifest.xml:57:13-37
107
108        <receiver
108-->[androidx.work:work-runtime:2.9.0] AndroidManifest.xml:61:9-66:35
109            android:name="androidx.work.impl.utils.ForceStopRunnable$BroadcastReceiver"
109-->[androidx.work:work-runtime:2.9.0] AndroidManifest.xml:62:13-88
110            android:directBootAware="false"
110-->[androidx.work:work-runtime:2.9.0] AndroidManifest.xml:63:13-44
111            android:enabled="true"
111-->[androidx.work:work-runtime:2.9.0] AndroidManifest.xml:64:13-35
112            android:exported="false" />
112-->[androidx.work:work-runtime:2.9.0] AndroidManifest.xml:65:13-37
113        <receiver
113-->[androidx.work:work-runtime:2.9.0] AndroidManifest.xml:67:9-77:20
114            android:name="androidx.work.impl.background.systemalarm.ConstraintProxy$BatteryChargingProxy"
114-->[androidx.work:work-runtime:2.9.0] AndroidManifest.xml:68:13-106
115            android:directBootAware="false"
115-->[androidx.work:work-runtime:2.9.0] AndroidManifest.xml:69:13-44
116            android:enabled="false"
116-->[androidx.work:work-runtime:2.9.0] AndroidManifest.xml:70:13-36
117            android:exported="false" >
117-->[androidx.work:work-runtime:2.9.0] AndroidManifest.xml:71:13-37
118            <intent-filter>
118-->[androidx.work:work-runtime:2.9.0] AndroidManifest.xml:73:13-76:29
119                <action android:name="android.intent.action.ACTION_POWER_CONNECTED" />
119-->[androidx.work:work-runtime:2.9.0] AndroidManifest.xml:74:17-87
119-->[androidx.work:work-runtime:2.9.0] AndroidManifest.xml:74:25-84
120                <action android:name="android.intent.action.ACTION_POWER_DISCONNECTED" />
120-->[androidx.work:work-runtime:2.9.0] AndroidManifest.xml:75:17-90
120-->[androidx.work:work-runtime:2.9.0] AndroidManifest.xml:75:25-87
121            </intent-filter>
122        </receiver>
123        <receiver
123-->[androidx.work:work-runtime:2.9.0] AndroidManifest.xml:78:9-88:20
124            android:name="androidx.work.impl.background.systemalarm.ConstraintProxy$BatteryNotLowProxy"
124-->[androidx.work:work-runtime:2.9.0] AndroidManifest.xml:79:13-104
125            android:directBootAware="false"
125-->[androidx.work:work-runtime:2.9.0] AndroidManifest.xml:80:13-44
126            android:enabled="false"
126-->[androidx.work:work-runtime:2.9.0] AndroidManifest.xml:81:13-36
127            android:exported="false" >
127-->[androidx.work:work-runtime:2.9.0] AndroidManifest.xml:82:13-37
128            <intent-filter>
128-->[androidx.work:work-runtime:2.9.0] AndroidManifest.xml:84:13-87:29
129                <action android:name="android.intent.action.BATTERY_OKAY" />
129-->[androidx.work:work-runtime:2.9.0] AndroidManifest.xml:85:17-77
129-->[androidx.work:work-runtime:2.9.0] AndroidManifest.xml:85:25-74
130                <action android:name="android.intent.action.BATTERY_LOW" />
130-->[androidx.work:work-runtime:2.9.0] AndroidManifest.xml:86:17-76
130-->[androidx.work:work-runtime:2.9.0] AndroidManifest.xml:86:25-73
131            </intent-filter>
132        </receiver>
133        <receiver
133-->[androidx.work:work-runtime:2.9.0] AndroidManifest.xml:89:9-99:20
134            android:name="androidx.work.impl.background.systemalarm.ConstraintProxy$StorageNotLowProxy"
134-->[androidx.work:work-runtime:2.9.0] AndroidManifest.xml:90:13-104
135            android:directBootAware="false"
135-->[androidx.work:work-runtime:2.9.0] AndroidManifest.xml:91:13-44
136            android:enabled="false"
136-->[androidx.work:work-runtime:2.9.0] AndroidManifest.xml:92:13-36
137            android:exported="false" >
137-->[androidx.work:work-runtime:2.9.0] AndroidManifest.xml:93:13-37
138            <intent-filter>
138-->[androidx.work:work-runtime:2.9.0] AndroidManifest.xml:95:13-98:29
139                <action android:name="android.intent.action.DEVICE_STORAGE_LOW" />
139-->[androidx.work:work-runtime:2.9.0] AndroidManifest.xml:96:17-83
139-->[androidx.work:work-runtime:2.9.0] AndroidManifest.xml:96:25-80
140                <action android:name="android.intent.action.DEVICE_STORAGE_OK" />
140-->[androidx.work:work-runtime:2.9.0] AndroidManifest.xml:97:17-82
140-->[androidx.work:work-runtime:2.9.0] AndroidManifest.xml:97:25-79
141            </intent-filter>
142        </receiver>
143        <receiver
143-->[androidx.work:work-runtime:2.9.0] AndroidManifest.xml:100:9-109:20
144            android:name="androidx.work.impl.background.systemalarm.ConstraintProxy$NetworkStateProxy"
144-->[androidx.work:work-runtime:2.9.0] AndroidManifest.xml:101:13-103
145            android:directBootAware="false"
145-->[androidx.work:work-runtime:2.9.0] AndroidManifest.xml:102:13-44
146            android:enabled="false"
146-->[androidx.work:work-runtime:2.9.0] AndroidManifest.xml:103:13-36
147            android:exported="false" >
147-->[androidx.work:work-runtime:2.9.0] AndroidManifest.xml:104:13-37
148            <intent-filter>
148-->[androidx.work:work-runtime:2.9.0] AndroidManifest.xml:106:13-108:29
149                <action android:name="android.net.conn.CONNECTIVITY_CHANGE" />
149-->[androidx.work:work-runtime:2.9.0] AndroidManifest.xml:107:17-79
149-->[androidx.work:work-runtime:2.9.0] AndroidManifest.xml:107:25-76
150            </intent-filter>
151        </receiver>
152        <receiver
152-->[androidx.work:work-runtime:2.9.0] AndroidManifest.xml:110:9-121:20
153            android:name="androidx.work.impl.background.systemalarm.RescheduleReceiver"
153-->[androidx.work:work-runtime:2.9.0] AndroidManifest.xml:111:13-88
154            android:directBootAware="false"
154-->[androidx.work:work-runtime:2.9.0] AndroidManifest.xml:112:13-44
155            android:enabled="false"
155-->[androidx.work:work-runtime:2.9.0] AndroidManifest.xml:113:13-36
156            android:exported="false" >
156-->[androidx.work:work-runtime:2.9.0] AndroidManifest.xml:114:13-37
157            <intent-filter>
157-->[androidx.work:work-runtime:2.9.0] AndroidManifest.xml:116:13-120:29
158                <action android:name="android.intent.action.BOOT_COMPLETED" />
158-->[androidx.work:work-runtime:2.9.0] AndroidManifest.xml:117:17-79
158-->[androidx.work:work-runtime:2.9.0] AndroidManifest.xml:117:25-76
159                <action android:name="android.intent.action.TIME_SET" />
159-->[androidx.work:work-runtime:2.9.0] AndroidManifest.xml:118:17-73
159-->[androidx.work:work-runtime:2.9.0] AndroidManifest.xml:118:25-70
160                <action android:name="android.intent.action.TIMEZONE_CHANGED" />
160-->[androidx.work:work-runtime:2.9.0] AndroidManifest.xml:119:17-81
160-->[androidx.work:work-runtime:2.9.0] AndroidManifest.xml:119:25-78
161            </intent-filter>
162        </receiver>
163        <receiver
163-->[androidx.work:work-runtime:2.9.0] AndroidManifest.xml:122:9-131:20
164            android:name="androidx.work.impl.background.systemalarm.ConstraintProxyUpdateReceiver"
164-->[androidx.work:work-runtime:2.9.0] AndroidManifest.xml:123:13-99
165            android:directBootAware="false"
165-->[androidx.work:work-runtime:2.9.0] AndroidManifest.xml:124:13-44
166            android:enabled="@bool/enable_system_alarm_service_default"
166-->[androidx.work:work-runtime:2.9.0] AndroidManifest.xml:125:13-72
167            android:exported="false" >
167-->[androidx.work:work-runtime:2.9.0] AndroidManifest.xml:126:13-37
168            <intent-filter>
168-->[androidx.work:work-runtime:2.9.0] AndroidManifest.xml:128:13-130:29
169                <action android:name="androidx.work.impl.background.systemalarm.UpdateProxies" />
169-->[androidx.work:work-runtime:2.9.0] AndroidManifest.xml:129:17-98
169-->[androidx.work:work-runtime:2.9.0] AndroidManifest.xml:129:25-95
170            </intent-filter>
171        </receiver>
172        <receiver
172-->[androidx.work:work-runtime:2.9.0] AndroidManifest.xml:132:9-142:20
173            android:name="androidx.work.impl.diagnostics.DiagnosticsReceiver"
173-->[androidx.work:work-runtime:2.9.0] AndroidManifest.xml:133:13-78
174            android:directBootAware="false"
174-->[androidx.work:work-runtime:2.9.0] AndroidManifest.xml:134:13-44
175            android:enabled="true"
175-->[androidx.work:work-runtime:2.9.0] AndroidManifest.xml:135:13-35
176            android:exported="true"
176-->[androidx.work:work-runtime:2.9.0] AndroidManifest.xml:136:13-36
177            android:permission="android.permission.DUMP" >
177-->[androidx.work:work-runtime:2.9.0] AndroidManifest.xml:137:13-57
178            <intent-filter>
178-->[androidx.work:work-runtime:2.9.0] AndroidManifest.xml:139:13-141:29
179                <action android:name="androidx.work.diagnostics.REQUEST_DIAGNOSTICS" />
179-->[androidx.work:work-runtime:2.9.0] AndroidManifest.xml:140:17-88
179-->[androidx.work:work-runtime:2.9.0] AndroidManifest.xml:140:25-85
180            </intent-filter>
181        </receiver>
182
183        <service
183-->[androidx.room:room-runtime:2.6.1] AndroidManifest.xml:24:9-28:63
184            android:name="androidx.room.MultiInstanceInvalidationService"
184-->[androidx.room:room-runtime:2.6.1] AndroidManifest.xml:25:13-74
185            android:directBootAware="true"
185-->[androidx.room:room-runtime:2.6.1] AndroidManifest.xml:26:13-43
186            android:exported="false" />
186-->[androidx.room:room-runtime:2.6.1] AndroidManifest.xml:27:13-37
187
188        <receiver
188-->[androidx.profileinstaller:profileinstaller:1.3.1] AndroidManifest.xml:34:9-52:20
189            android:name="androidx.profileinstaller.ProfileInstallReceiver"
189-->[androidx.profileinstaller:profileinstaller:1.3.1] AndroidManifest.xml:35:13-76
190            android:directBootAware="false"
190-->[androidx.profileinstaller:profileinstaller:1.3.1] AndroidManifest.xml:36:13-44
191            android:enabled="true"
191-->[androidx.profileinstaller:profileinstaller:1.3.1] AndroidManifest.xml:37:13-35
192            android:exported="true"
192-->[androidx.profileinstaller:profileinstaller:1.3.1] AndroidManifest.xml:38:13-36
193            android:permission="android.permission.DUMP" >
193-->[androidx.profileinstaller:profileinstaller:1.3.1] AndroidManifest.xml:39:13-57
194            <intent-filter>
194-->[androidx.profileinstaller:profileinstaller:1.3.1] AndroidManifest.xml:40:13-42:29
195                <action android:name="androidx.profileinstaller.action.INSTALL_PROFILE" />
195-->[androidx.profileinstaller:profileinstaller:1.3.1] AndroidManifest.xml:41:17-91
195-->[androidx.profileinstaller:profileinstaller:1.3.1] AndroidManifest.xml:41:25-88
196            </intent-filter>
197            <intent-filter>
197-->[androidx.profileinstaller:profileinstaller:1.3.1] AndroidManifest.xml:43:13-45:29
198                <action android:name="androidx.profileinstaller.action.SKIP_FILE" />
198-->[androidx.profileinstaller:profileinstaller:1.3.1] AndroidManifest.xml:44:17-85
198-->[androidx.profileinstaller:profileinstaller:1.3.1] AndroidManifest.xml:44:25-82
199            </intent-filter>
200            <intent-filter>
200-->[androidx.profileinstaller:profileinstaller:1.3.1] AndroidManifest.xml:46:13-48:29
201                <action android:name="androidx.profileinstaller.action.SAVE_PROFILE" />
201-->[androidx.profileinstaller:profileinstaller:1.3.1] AndroidManifest.xml:47:17-88
201-->[androidx.profileinstaller:profileinstaller:1.3.1] AndroidManifest.xml:47:25-85
202            </intent-filter>
203            <intent-filter>
203-->[androidx.profileinstaller:profileinstaller:1.3.1] AndroidManifest.xml:49:13-51:29
204                <action android:name="androidx.profileinstaller.action.BENCHMARK_OPERATION" />
204-->[androidx.profileinstaller:profileinstaller:1.3.1] AndroidManifest.xml:50:17-95
204-->[androidx.profileinstaller:profileinstaller:1.3.1] AndroidManifest.xml:50:25-92
205            </intent-filter>
206        </receiver>
207    </application>
208
209</manifest>